<?xml version="1.0" encoding="UTF-8"?>
<!-- Generated by org.testng.reporters.JUnitReportReporter -->
<testsuite skipped="0" hostname="DESKTOP-SR7A7MR" name="com.training.sanity.tests.TC1_AddPostIntoTrashTests" tests="1" failures="0" timestamp="27 Nov 2019 17:27:00 GMT" time="76.775" errors="0">
  <testcase name="validLoginTest" time="76.775" classname="com.training.sanity.tests.TC1_AddPostIntoTrashTests"/>
</testsuite> <!-- com.training.sanity.tests.TC1_AddPostIntoTrashTests -->
